# JRE version: OpenJDK Runtime Environment Temurin-17.0.5+8 (17.0.5+8) (build 17.0.5+8)
# Java VM: OpenJDK 64-Bit Server VM Temurin-17.0.5+8 (17.0.5+8, mixed mode, tiered, compressed oops, compressed class ptrs, parallel gc, windows-amd64)
GC Precious Log:
 CPUs: 12 total, 12 available
 Memory: 6005M
 Large Page Support: Disabled
 NUMA Support: Disabled
 Compressed Oops: Enabled (32-bit)
 Alignments: Space 512K, Generation 512K, Heap 2M
 Heap Min Capacity: 100M
 Heap Initial Capacity: 100M
 Heap Max Capacity: 1G
 Pre-touch: Disabled
 Parallel Workers: 10
Heap:
 PSYoungGen      total 23552K, used 12003K [0x00000000eab00000, 0x00000000ecc80000, 0x0000000100000000)
  eden space 22016K, 47% used [0x00000000eab00000,0x00000000eb53ee38,0x00000000ec080000)
  from space 1536K, 98% used [0x00000000ec300000,0x00000000ec479e50,0x00000000ec480000)
  to   space 6144K, 0% used [0x00000000ec680000,0x00000000ec680000,0x00000000ecc80000)
 ParOldGen       total 68608K, used 17377K [0x00000000c0000000, 0x00000000c4300000, 0x00000000eab00000)
  object space 68608K, 25% used [0x00000000c0000000,0x00000000c10f84a0,0x00000000c4300000)
 Metaspace       used 45421K, committed 46272K, reserved 1097728K
  class space    used 4915K, committed 5312K, reserved 1048576K
GC Heap History (20 events):
Event: 2.305 GC heap before
{Heap before GC invocations=6 (full 1):
 PSYoungGen      total 29696K, used 25600K [0x00000000eab00000, 0x00000000ecc00000, 0x0000000100000000)
  eden space 25600K, 100% used [0x00000000eab00000,0x00000000ec400000,0x00000000ec400000)
  from space 4096K, 0% used [0x00000000ec800000,0x00000000ec800000,0x00000000ecc00000)
  to   space 4096K, 0% used [0x00000000ec400000,0x00000000ec400000,0x00000000ec800000)
 ParOldGen       total 68608K, used 7979K [0x00000000c0000000, 0x00000000c4300000, 0x00000000eab00000)
  object space 68608K, 11% used [0x00000000c0000000,0x00000000c07cada0,0x00000000c4300000)
 Metaspace       used 24417K, committed 25024K, reserved 1073152K
  class space    used 2532K, committed 2816K, reserved 1048576K
}
Event: 2.306 GC heap after
{Heap after GC invocations=6 (full 1):
 PSYoungGen      total 28160K, used 2872K [0x00000000eab00000, 0x00000000eca80000, 0x0000000100000000)
  eden space 25088K, 0% used [0x00000000eab00000,0x00000000eab00000,0x00000000ec380000)
  from space 3072K, 93% used [0x00000000ec400000,0x00000000ec6ce350,0x00000000ec700000)
  to   space 3584K, 0% used [0x00000000ec700000,0x00000000ec700000,0x00000000eca80000)
 ParOldGen       total 68608K, used 7987K [0x00000000c0000000, 0x00000000c4300000, 0x00000000eab00000)
  object space 68608K, 11% used [0x00000000c0000000,0x00000000c07ccda0,0x00000000c4300000)
 Metaspace       used 24417K, committed 25024K, reserved 1073152K
  class space    used 2532K, committed 2816K, reserved 1048576K
}
Event: 2.461 GC heap before
{Heap before GC invocations=7 (full 1):
 PSYoungGen      total 28160K, used 27685K [0x00000000eab00000, 0x00000000eca80000, 0x0000000100000000)
  eden space 25088K, 98% used [0x00000000eab00000,0x00000000ec33b1b8,0x00000000ec380000)
  from space 3072K, 93% used [0x00000000ec400000,0x00000000ec6ce350,0x00000000ec700000)
  to   space 3584K, 0% used [0x00000000ec700000,0x00000000ec700000,0x00000000eca80000)
 ParOldGen       total 68608K, used 7987K [0x00000000c0000000, 0x00000000c4300000, 0x00000000eab00000)
  object space 68608K, 11% used [0x00000000c0000000,0x00000000c07ccda0,0x00000000c4300000)
 Metaspace       used 27566K, committed 28160K, reserved 1081344K
  class space    used 2765K, committed 3008K, reserved 1048576K
}
Event: 2.462 GC heap after
{Heap after GC invocations=7 (full 1):
 PSYoungGen      total 28160K, used 3573K [0x00000000eab00000, 0x00000000ecb00000, 0x0000000100000000)
  eden space 24576K, 0% used [0x00000000eab00000,0x00000000eab00000,0x00000000ec300000)
  from space 3584K, 99% used [0x00000000ec700000,0x00000000eca7d6e8,0x00000000eca80000)
  to   space 4096K, 0% used [0x00000000ec300000,0x00000000ec300000,0x00000000ec700000)
 ParOldGen       total 68608K, used 8275K [0x00000000c0000000, 0x00000000c4300000, 0x00000000eab00000)
  object space 68608K, 12% used [0x00000000c0000000,0x00000000c0814da0,0x00000000c4300000)
 Metaspace       used 27566K, committed 28160K, reserved 1081344K
  class space    used 2765K, committed 3008K, reserved 1048576K
}
Event: 2.738 GC heap before
{Heap before GC invocations=8 (full 1):
 PSYoungGen      total 28160K, used 28149K [0x00000000eab00000, 0x00000000ecb00000, 0x0000000100000000)
  eden space 24576K, 100% used [0x00000000eab00000,0x00000000ec300000,0x00000000ec300000)
  from space 3584K, 99% used [0x00000000ec700000,0x00000000eca7d6e8,0x00000000eca80000)
  to   space 4096K, 0% used [0x00000000ec300000,0x00000000ec300000,0x00000000ec700000)
 ParOldGen       total 68608K, used 8275K [0x00000000c0000000, 0x00000000c4300000, 0x00000000eab00000)
  object space 68608K, 12% used [0x00000000c0000000,0x00000000c0814da0,0x00000000c4300000)
 Metaspace       used 31086K, committed 31680K, reserved 1081344K
  class space    used 3087K, committed 3328K, reserved 1048576K
}
Event: 2.740 GC heap after
{Heap after GC invocations=8 (full 1):
 PSYoungGen      total 27648K, used 3465K [0x00000000eab00000, 0x00000000eca80000, 0x0000000100000000)
  eden space 24064K, 0% used [0x00000000eab00000,0x00000000eab00000,0x00000000ec280000)
  from space 3584K, 96% used [0x00000000ec300000,0x00000000ec662660,0x00000000ec680000)
  to   space 4096K, 0% used [0x00000000ec680000,0x00000000ec680000,0x00000000eca80000)
 ParOldGen       total 68608K, used 8283K [0x00000000c0000000, 0x00000000c4300000, 0x00000000eab00000)
  object space 68608K, 12% used [0x00000000c0000000,0x00000000c0816da0,0x00000000c4300000)
 Metaspace       used 31086K, committed 31680K, reserved 1081344K
  class space    used 3087K, committed 3328K, reserved 1048576K
}
Event: 3.341 GC heap before
{Heap before GC invocations=9 (full 1):
 PSYoungGen      total 27648K, used 27529K [0x00000000eab00000, 0x00000000eca80000, 0x0000000100000000)
  eden space 24064K, 100% used [0x00000000eab00000,0x00000000ec280000,0x00000000ec280000)
  from space 3584K, 96% used [0x00000000ec300000,0x00000000ec662660,0x00000000ec680000)
  to   space 4096K, 0% used [0x00000000ec680000,0x00000000ec680000,0x00000000eca80000)
 ParOldGen       total 68608K, used 8283K [0x00000000c0000000, 0x00000000c4300000, 0x00000000eab00000)
  object space 68608K, 12% used [0x00000000c0000000,0x00000000c0816da0,0x00000000c4300000)
 Metaspace       used 34887K, committed 35648K, reserved 1081344K
  class space    used 3570K, committed 3904K, reserved 1048576K
}
Event: 3.344 GC heap after
{Heap after GC invocations=9 (full 1):
 PSYoungGen      total 27136K, used 4074K [0x00000000eab00000, 0x00000000ecc00000, 0x0000000100000000)
  eden space 23040K, 0% used [0x00000000eab00000,0x00000000eab00000,0x00000000ec180000)
  from space 4096K, 99% used [0x00000000ec680000,0x00000000eca7a968,0x00000000eca80000)
  to   space 5120K, 0% used [0x00000000ec180000,0x00000000ec180000,0x00000000ec680000)
 ParOldGen       total 68608K, used 8659K [0x00000000c0000000, 0x00000000c4300000, 0x00000000eab00000)
  object space 68608K, 12% used [0x00000000c0000000,0x00000000c0874da0,0x00000000c4300000)
 Metaspace       used 34887K, committed 35648K, reserved 1081344K
  class space    used 3570K, committed 3904K, reserved 1048576K
}
Event: 3.363 GC heap before
{Heap before GC invocations=10 (full 1):
 PSYoungGen      total 27136K, used 6591K [0x00000000eab00000, 0x00000000ecc00000, 0x0000000100000000)
  eden space 23040K, 10% used [0x00000000eab00000,0x00000000ead75390,0x00000000ec180000)
  from space 4096K, 99% used [0x00000000ec680000,0x00000000eca7a968,0x00000000eca80000)
  to   space 5120K, 0% used [0x00000000ec180000,0x00000000ec180000,0x00000000ec680000)
 ParOldGen       total 68608K, used 8659K [0x00000000c0000000, 0x00000000c4300000, 0x00000000eab00000)
  object space 68608K, 12% used [0x00000000c0000000,0x00000000c0874da0,0x00000000c4300000)
 Metaspace       used 35168K, committed 35840K, reserved 1081344K
  class space    used 3612K, committed 3904K, reserved 1048576K
}
Event: 3.366 GC heap after
{Heap after GC invocations=10 (full 1):
 PSYoungGen      total 25600K, used 2361K [0x00000000eab00000, 0x00000000ec900000, 0x0000000100000000)
  eden space 23040K, 0% used [0x00000000eab00000,0x00000000eab00000,0x00000000ec180000)
  from space 2560K, 92% used [0x00000000ec180000,0x00000000ec3ce500,0x00000000ec400000)
  to   space 3584K, 0% used [0x00000000ec580000,0x00000000ec580000,0x00000000ec900000)
 ParOldGen       total 68608K, used 10646K [0x00000000c0000000, 0x00000000c4300000, 0x00000000eab00000)
  object space 68608K, 15% used [0x00000000c0000000,0x00000000c0a658c0,0x00000000c4300000)
 Metaspace       used 35168K, committed 35840K, reserved 1081344K
  class space    used 3612K, committed 3904K, reserved 1048576K
}
Event: 3.366 GC heap before
{Heap before GC invocations=11 (full 2):
 PSYoungGen      total 25600K, used 2361K [0x00000000eab00000, 0x00000000ec900000, 0x0000000100000000)
  eden space 23040K, 0% used [0x00000000eab00000,0x00000000eab00000,0x00000000ec180000)
  from space 2560K, 92% used [0x00000000ec180000,0x00000000ec3ce500,0x00000000ec400000)
  to   space 3584K, 0% used [0x00000000ec580000,0x00000000ec580000,0x00000000ec900000)
 ParOldGen       total 68608K, used 10646K [0x00000000c0000000, 0x00000000c4300000, 0x00000000eab00000)
  object space 68608K, 15% used [0x00000000c0000000,0x00000000c0a658c0,0x00000000c4300000)
 Metaspace       used 35168K, committed 35840K, reserved 1081344K
  class space    used 3612K, committed 3904K, reserved 1048576K
}
Event: 3.383 GC heap after
{Heap after GC invocations=11 (full 2):
 PSYoungGen      total 25600K, used 0K [0x00000000eab00000, 0x00000000ec900000, 0x0000000100000000)
  eden space 23040K, 0% used [0x00000000eab00000,0x00000000eab00000,0x00000000ec180000)
  from space 2560K, 0% used [0x00000000ec180000,0x00000000ec180000,0x00000000ec400000)
  to   space 3584K, 0% used [0x00000000ec580000,0x00000000ec580000,0x00000000ec900000)
 ParOldGen       total 68608K, used 12317K [0x00000000c0000000, 0x00000000c4300000, 0x00000000eab00000)
  object space 68608K, 17% used [0x00000000c0000000,0x00000000c0c07608,0x00000000c4300000)
 Metaspace       used 35168K, committed 35840K, reserved 1081344K
  class space    used 3612K, committed 3904K, reserved 1048576K
}
Event: 3.677 GC heap before
{Heap before GC invocations=12 (full 2):
 PSYoungGen      total 25600K, used 23040K [0x00000000eab00000, 0x00000000ec900000, 0x0000000100000000)
  eden space 23040K, 100% used [0x00000000eab00000,0x00000000ec180000,0x00000000ec180000)
  from space 2560K, 0% used [0x00000000ec180000,0x00000000ec180000,0x00000000ec400000)
  to   space 3584K, 0% used [0x00000000ec580000,0x00000000ec580000,0x00000000ec900000)
 ParOldGen       total 68608K, used 12317K [0x00000000c0000000, 0x00000000c4300000, 0x00000000eab00000)
  object space 68608K, 17% used [0x00000000c0000000,0x00000000c0c07608,0x00000000c4300000)
 Metaspace       used 37911K, committed 38720K, reserved 1089536K
  class space    used 3977K, committed 4352K, reserved 1048576K
}
Event: 3.679 GC heap after
{Heap after GC invocations=12 (full 2):
 PSYoungGen      total 24064K, used 1036K [0x00000000eab00000, 0x00000000ec700000, 0x0000000100000000)
  eden space 22528K, 0% used [0x00000000eab00000,0x00000000eab00000,0x00000000ec100000)
  from space 1536K, 67% used [0x00000000ec580000,0x00000000ec683240,0x00000000ec700000)
  to   space 2048K, 0% used [0x00000000ec300000,0x00000000ec300000,0x00000000ec500000)
 ParOldGen       total 68608K, used 12325K [0x00000000c0000000, 0x00000000c4300000, 0x00000000eab00000)
  object space 68608K, 17% used [0x00000000c0000000,0x00000000c0c09608,0x00000000c4300000)
 Metaspace       used 37911K, committed 38720K, reserved 1089536K
  class space    used 3977K, committed 4352K, reserved 1048576K
}
Event: 4.010 GC heap before
{Heap before GC invocations=13 (full 2):
 PSYoungGen      total 24064K, used 23564K [0x00000000eab00000, 0x00000000ec700000, 0x0000000100000000)
  eden space 22528K, 100% used [0x00000000eab00000,0x00000000ec100000,0x00000000ec100000)
  from space 1536K, 67% used [0x00000000ec580000,0x00000000ec683240,0x00000000ec700000)
  to   space 2048K, 0% used [0x00000000ec300000,0x00000000ec300000,0x00000000ec500000)
 ParOldGen       total 68608K, used 12325K [0x00000000c0000000, 0x00000000c4300000, 0x00000000eab00000)
  object space 68608K, 17% used [0x00000000c0000000,0x00000000c0c09608,0x00000000c4300000)
 Metaspace       used 40306K, committed 41088K, reserved 1089536K
  class space    used 4275K, committed 4672K, reserved 1048576K
}
Event: 4.011 GC heap after
{Heap after GC invocations=13 (full 2):
 PSYoungGen      total 23040K, used 864K [0x00000000eab00000, 0x00000000ec600000, 0x0000000100000000)
  eden space 22016K, 0% used [0x00000000eab00000,0x00000000eab00000,0x00000000ec080000)
  from space 1024K, 84% used [0x00000000ec300000,0x00000000ec3d8000,0x00000000ec400000)
  to   space 1536K, 0% used [0x00000000ec480000,0x00000000ec480000,0x00000000ec600000)
 ParOldGen       total 68608K, used 13071K [0x00000000c0000000, 0x00000000c4300000, 0x00000000eab00000)
  object space 68608K, 19% used [0x00000000c0000000,0x00000000c0cc3f48,0x00000000c4300000)
 Metaspace       used 40306K, committed 41088K, reserved 1089536K
  class space    used 4275K, committed 4672K, reserved 1048576K
}
Event: 4.375 GC heap before
{Heap before GC invocations=14 (full 2):
 PSYoungGen      total 23040K, used 22880K [0x00000000eab00000, 0x00000000ec600000, 0x0000000100000000)
  eden space 22016K, 100% used [0x00000000eab00000,0x00000000ec080000,0x00000000ec080000)
  from space 1024K, 84% used [0x00000000ec300000,0x00000000ec3d8000,0x00000000ec400000)
  to   space 1536K, 0% used [0x00000000ec480000,0x00000000ec480000,0x00000000ec600000)
 ParOldGen       total 68608K, used 13071K [0x00000000c0000000, 0x00000000c4300000, 0x00000000eab00000)
  object space 68608K, 19% used [0x00000000c0000000,0x00000000c0cc3f48,0x00000000c4300000)
 Metaspace       used 43046K, committed 43776K, reserved 1089536K
  class space    used 4629K, committed 4992K, reserved 1048576K
}
Event: 4.376 GC heap after
{Heap after GC invocations=14 (full 2):
 PSYoungGen      total 23552K, used 1376K [0x00000000eab00000, 0x00000000ec600000, 0x0000000100000000)
  eden space 22016K, 0% used [0x00000000eab00000,0x00000000eab00000,0x00000000ec080000)
  from space 1536K, 89% used [0x00000000ec480000,0x00000000ec5d8000,0x00000000ec600000)
  to   space 1536K, 0% used [0x00000000ec300000,0x00000000ec300000,0x00000000ec480000)
 ParOldGen       total 68608K, used 13743K [0x00000000c0000000, 0x00000000c4300000, 0x00000000eab00000)
  object space 68608K, 20% used [0x00000000c0000000,0x00000000c0d6bf48,0x00000000c4300000)
 Metaspace       used 43046K, committed 43776K, reserved 1089536K
  class space    used 4629K, committed 4992K, reserved 1048576K
}
Event: 4.620 GC heap before
{Heap before GC invocations=15 (full 2):
 PSYoungGen      total 23552K, used 23392K [0x00000000eab00000, 0x00000000ec600000, 0x0000000100000000)
  eden space 22016K, 100% used [0x00000000eab00000,0x00000000ec080000,0x00000000ec080000)
  from space 1536K, 89% used [0x00000000ec480000,0x00000000ec5d8000,0x00000000ec600000)
  to   space 1536K, 0% used [0x00000000ec300000,0x00000000ec300000,0x00000000ec480000)
 ParOldGen       total 68608K, used 13743K [0x00000000c0000000, 0x00000000c4300000, 0x00000000eab00000)
  object space 68608K, 20% used [0x00000000c0000000,0x00000000c0d6bf48,0x00000000c4300000)
 Metaspace       used 45306K, committed 46208K, reserved 1097728K
  class space    used 4913K, committed 5312K, reserved 1048576K
}
Event: 4.622 GC heap after
{Heap after GC invocations=15 (full 2):
 PSYoungGen      total 23552K, used 1511K [0x00000000eab00000, 0x00000000ecc80000, 0x0000000100000000)
  eden space 22016K, 0% used [0x00000000eab00000,0x00000000eab00000,0x00000000ec080000)
  from space 1536K, 98% used [0x00000000ec300000,0x00000000ec479e50,0x00000000ec480000)
  to   space 6144K, 0% used [0x00000000ec680000,0x00000000ec680000,0x00000000ecc80000)
 ParOldGen       total 68608K, used 17377K [0x00000000c0000000, 0x00000000c4300000, 0x00000000eab00000)
  object space 68608K, 25% used [0x00000000c0000000,0x00000000c10f84a0,0x00000000c4300000)
 Metaspace       used 45306K, committed 46208K, reserved 1097728K
  class space    used 4913K, committed 5312K, reserved 1048576K
}

